{"C:\\Users\\my pc\\Github\\itm350-VukaniM-test\\NodeJSExample\\src\\forEach.js": {"path":"C:\\Users\\my pc\\Github\\itm350-VukaniM-test\\NodeJSExample\\src\\forEach.js","statementMap":{"0":{"start":{"line":3,"column":4},"end":{"line":5,"column":5}},"1":{"start":{"line":3,"column":21},"end":{"line":3,"column":22}},"2":{"start":{"line":4,"column":6},"end":{"line":4,"column":29}},"3":{"start":{"line":8,"column":2},"end":{"line":8,"column":31}}},"fnMap":{"0":{"name":"forEach","decl":{"start":{"line":2,"column":9},"end":{"line":2,"column":16}},"loc":{"start":{"line":2,"column":34},"end":{"line":6,"column":3}},"line":2}},"branchMap":{},"s":{"0":1,"1":1,"2":2,"3":1},"f":{"0":1},"b":{},"_coverageSchema":"1a1c01bbd47fc00a2c39e90264f33305004495a9","hash":"eba32f8317696ab585efb99c913fbe3aeeacbcb9"}
,"C:\\Users\\my pc\\Github\\itm350-VukaniM-test\\NodeJSExample\\src\\helloworld.js": {"path":"C:\\Users\\my pc\\Github\\itm350-VukaniM-test\\NodeJSExample\\src\\helloworld.js","statementMap":{"0":{"start":{"line":4,"column":0},"end":{"line":7,"column":2}},"1":{"start":{"line":5,"column":22},"end":{"line":5,"column":30}},"2":{"start":{"line":6,"column":2},"end":{"line":6,"column":38}}},"fnMap":{"0":{"name":"helloworld","decl":{"start":{"line":4,"column":26},"end":{"line":4,"column":36}},"loc":{"start":{"line":4,"column":39},"end":{"line":7,"column":1}},"line":4}},"branchMap":{},"s":{"0":1,"1":1,"2":1},"f":{"0":1},"b":{},"_coverageSchema":"1a1c01bbd47fc00a2c39e90264f33305004495a9","hash":"34ae103f7c6b8addf00c1521356cd1f81fe8bc76"}
}
